2026-06-10 15:07:55,234 Ś INFO Ś Server started Ś serving dashboard/ on port 8000
2026-06-10 15:08:38,923 Ś INFO Ś Dashboard opened Ś pipeline triggered
2026-06-10 15:11:53,904 Ś ERROR Ś Failed at scripts/collect.py: Traceback (most recent call last):
  File "C:\Users\pawan\youtube_analysis\scripts/collect.py", line 45, in <module>
    df = get_trending_videos()
         ^^^^^^^^^^^^^^^^^^^^^
  File "C:\Users\pawan\youtube_analysis\scripts/collect.py", line 42, in get_trending_videos
    print(f"\u2705 Done! {len(df)} videos saved to data/raw/youtube_trending.csv")
  File "C:\Users\pawan\AppData\Local\Programs\Python\Python312\Lib\encodings\cp1252.py", line 19, in encode
    return codecs.charmap_encode(input,self.errors,encoding_table)[0]
           ^^^^^^^^^^^^^^^^^^^^^^^^^^^^^^^^^^^^^^^^^^^^^^^^^^^^^^^
UnicodeEncodeError: 'charmap' codec can't encode character '\u2705' in position 0: character maps to <undefined>

2026-06-10 15:11:58,390 Ś INFO Ś Dashboard opened Ś pipeline triggered
2026-06-10 15:12:52,705 Ś ERROR Ś Failed at scripts/collect.py: Traceback (most recent call last):
  File "C:\Users\pawan\youtube_analysis\scripts/collect.py", line 45, in <module>
    df = get_trending_videos()
         ^^^^^^^^^^^^^^^^^^^^^
  File "C:\Users\pawan\youtube_analysis\scripts/collect.py", line 42, in get_trending_videos
    print(f"\u2705 Done! {len(df)} videos saved to data/raw/youtube_trending.csv")
  File "C:\Users\pawan\AppData\Local\Programs\Python\Python312\Lib\encodings\cp1252.py", line 19, in encode
    return codecs.charmap_encode(input,self.errors,encoding_table)[0]
           ^^^^^^^^^^^^^^^^^^^^^^^^^^^^^^^^^^^^^^^^^^^^^^^^^^^^^^^
UnicodeEncodeError: 'charmap' codec can't encode character '\u2705' in position 0: character maps to <undefined>

2026-06-10 15:12:52,705 Ś INFO Ś Dashboard opened Ś pipeline triggered
2026-06-10 15:13:42,891 Ś ERROR Ś Failed at scripts/collect.py: Traceback (most recent call last):
  File "C:\Users\pawan\youtube_analysis\scripts/collect.py", line 45, in <module>
    df = get_trending_videos()
         ^^^^^^^^^^^^^^^^^^^^^
  File "C:\Users\pawan\youtube_analysis\scripts/collect.py", line 42, in get_trending_videos
    print(f"\u2705 Done! {len(df)} videos saved to data/raw/youtube_trending.csv")
  File "C:\Users\pawan\AppData\Local\Programs\Python\Python312\Lib\encodings\cp1252.py", line 19, in encode
    return codecs.charmap_encode(input,self.errors,encoding_table)[0]
           ^^^^^^^^^^^^^^^^^^^^^^^^^^^^^^^^^^^^^^^^^^^^^^^^^^^^^^^
UnicodeEncodeError: 'charmap' codec can't encode character '\u2705' in position 0: character maps to <undefined>

2026-06-10 15:13:43,536 Ś INFO Ś Dashboard opened Ś pipeline triggered
2026-06-10 15:14:39,474 Ś ERROR Ś Failed at scripts/collect.py: Traceback (most recent call last):
  File "C:\Users\pawan\youtube_analysis\scripts/collect.py", line 45, in <module>
    df = get_trending_videos()
         ^^^^^^^^^^^^^^^^^^^^^
  File "C:\Users\pawan\youtube_analysis\scripts/collect.py", line 42, in get_trending_videos
    print(f"\u2705 Done! {len(df)} videos saved to data/raw/youtube_trending.csv")
  File "C:\Users\pawan\AppData\Local\Programs\Python\Python312\Lib\encodings\cp1252.py", line 19, in encode
    return codecs.charmap_encode(input,self.errors,encoding_table)[0]
           ^^^^^^^^^^^^^^^^^^^^^^^^^^^^^^^^^^^^^^^^^^^^^^^^^^^^^^^
UnicodeEncodeError: 'charmap' codec can't encode character '\u2705' in position 0: character maps to <undefined>

2026-06-10 15:17:28,395 Ś INFO Ś Dashboard opened Ś pipeline triggered
2026-06-10 15:19:38,983 Ś ERROR Ś Failed at scripts/collect.py: Traceback (most recent call last):
  File "C:\Users\pawan\youtube_analysis\scripts/collect.py", line 45, in <module>
    df = get_trending_videos()
         ^^^^^^^^^^^^^^^^^^^^^
  File "C:\Users\pawan\youtube_analysis\scripts/collect.py", line 42, in get_trending_videos
    print(f"\u2705 Done! {len(df)} videos saved to data/raw/youtube_trending.csv")
  File "C:\Users\pawan\AppData\Local\Programs\Python\Python312\Lib\encodings\cp1252.py", line 19, in encode
    return codecs.charmap_encode(input,self.errors,encoding_table)[0]
           ^^^^^^^^^^^^^^^^^^^^^^^^^^^^^^^^^^^^^^^^^^^^^^^^^^^^^^^
UnicodeEncodeError: 'charmap' codec can't encode character '\u2705' in position 0: character maps to <undefined>

2026-06-10 15:19:39,716 Ś INFO Ś Dashboard opened Ś pipeline triggered
2026-06-10 15:22:11,860 Ś ERROR Ś Failed at scripts/collect.py: Traceback (most recent call last):
  File "C:\Users\pawan\youtube_analysis\scripts/collect.py", line 45, in <module>
    df = get_trending_videos()
         ^^^^^^^^^^^^^^^^^^^^^
  File "C:\Users\pawan\youtube_analysis\scripts/collect.py", line 42, in get_trending_videos
    print(f"\u2705 Done! {len(df)} videos saved to data/raw/youtube_trending.csv")
  File "C:\Users\pawan\AppData\Local\Programs\Python\Python312\Lib\encodings\cp1252.py", line 19, in encode
    return codecs.charmap_encode(input,self.errors,encoding_table)[0]
           ^^^^^^^^^^^^^^^^^^^^^^^^^^^^^^^^^^^^^^^^^^^^^^^^^^^^^^^
UnicodeEncodeError: 'charmap' codec can't encode character '\u2705' in position 0: character maps to <undefined>

2026-06-10 15:28:17,262 Ś INFO Ś Dashboard opened Ś pipeline triggered
2026-06-10 15:30:14,960 Ś ERROR Ś Failed at scripts/collect.py: Traceback (most recent call last):
  File "C:\Users\pawan\youtube_analysis\scripts/collect.py", line 45, in <module>
    df = get_trending_videos()
         ^^^^^^^^^^^^^^^^^^^^^
  File "C:\Users\pawan\youtube_analysis\scripts/collect.py", line 42, in get_trending_videos
    print(f"\u2705 Done! {len(df)} videos saved to data/raw/youtube_trending.csv")
  File "C:\Users\pawan\AppData\Local\Programs\Python\Python312\Lib\encodings\cp1252.py", line 19, in encode
    return codecs.charmap_encode(input,self.errors,encoding_table)[0]
           ^^^^^^^^^^^^^^^^^^^^^^^^^^^^^^^^^^^^^^^^^^^^^^^^^^^^^^^
UnicodeEncodeError: 'charmap' codec can't encode character '\u2705' in position 0: character maps to <undefined>

