2026-06-10 17:29:23,310 — INFO — Manual pipeline started
2026-06-10 17:29:23,342 — INFO — Starting: \U0001f504 Step 1 — Fetching fresh YouTube data...
2026-06-10 17:30:27,183 — ERROR — Failed at scripts/collect.py: Traceback (most recent call last):
  File "C:\Users\pawan\youtube_analysis\scripts/collect.py", line 52, in <module>
    df = get_trending_videos()
         ^^^^^^^^^^^^^^^^^^^^^
  File "C:\Users\pawan\youtube_analysis\scripts/collect.py", line 49, in get_trending_videos
    print(f"\u2705 Done! {len(df)} videos saved to data/raw/youtube_trending.csv")
  File "C:\Users\pawan\AppData\Local\Programs\Python\Python312\Lib\encodings\cp1252.py", line 19, in encode
    return codecs.charmap_encode(input,self.errors,encoding_table)[0]
           ^^^^^^^^^^^^^^^^^^^^^^^^^^^^^^^^^^^^^^^^^^^^^^^^^^^^^^^
UnicodeEncodeError: 'charmap' codec can't encode character '\u2705' in position 0: character maps to <undefined>

2026-06-10 17:37:11,389 — INFO — Manual pipeline started
2026-06-10 17:37:11,407 — INFO — Starting: \U0001f504 Step 1 — Fetching fresh YouTube data...
2026-06-10 17:37:36,512 — ERROR — Failed at scripts/collect.py: Traceback (most recent call last):
  File "C:\Users\pawan\youtube_analysis\scripts/collect.py", line 52, in <module>
    df = get_trending_videos()
         ^^^^^^^^^^^^^^^^^^^^^
  File "C:\Users\pawan\youtube_analysis\scripts/collect.py", line 49, in get_trending_videos
    print(f"\u2705 Done! {len(df)} videos saved to data/raw/youtube_trending.csv")
  File "C:\Users\pawan\AppData\Local\Programs\Python\Python312\Lib\encodings\cp1252.py", line 19, in encode
    return codecs.charmap_encode(input,self.errors,encoding_table)[0]
           ^^^^^^^^^^^^^^^^^^^^^^^^^^^^^^^^^^^^^^^^^^^^^^^^^^^^^^^
UnicodeEncodeError: 'charmap' codec can't encode character '\u2705' in position 0: character maps to <undefined>

2026-06-10 17:39:24,049 — INFO — Manual pipeline started
2026-06-10 17:39:24,064 — INFO — Starting: \U0001f504 Step 1 — Fetching fresh YouTube data...
2026-06-10 17:39:31,030 — INFO — Completed: \U0001f504 Step 1 — Fetching fresh YouTube data...
2026-06-10 17:39:31,030 — INFO — Starting: \U0001f9f9 Step 2 — Cleaning data...
2026-06-10 17:39:34,628 — ERROR — Failed at scripts/clean.py: Traceback (most recent call last):
  File "C:\Users\pawan\youtube_analysis\scripts/clean.py", line 38, in <module>
    print("\n\u2705 Cleaned data saved!")
  File "C:\Users\pawan\AppData\Local\Programs\Python\Python312\Lib\encodings\cp1252.py", line 19, in encode
    return codecs.charmap_encode(input,self.errors,encoding_table)[0]
           ^^^^^^^^^^^^^^^^^^^^^^^^^^^^^^^^^^^^^^^^^^^^^^^^^^^^^^^
UnicodeEncodeError: 'charmap' codec can't encode character '\u2705' in position 2: character maps to <undefined>

2026-06-10 17:40:54,297 — INFO — Manual pipeline started
2026-06-10 17:40:54,297 — INFO — Starting: \U0001f504 Step 1 — Fetching fresh YouTube data...
2026-06-10 17:41:21,247 — INFO — Completed: \U0001f504 Step 1 — Fetching fresh YouTube data...
2026-06-10 17:41:21,255 — INFO — Starting: \U0001f9f9 Step 2 — Cleaning data...
2026-06-10 17:41:25,077 — ERROR — Failed at scripts/clean.py: Traceback (most recent call last):
  File "C:\Users\pawan\youtube_analysis\scripts/clean.py", line 40, in <module>
    print("\nSample:\n", df[["title","views","likes","engagement_rate"]].head())
  File "C:\Users\pawan\AppData\Local\Programs\Python\Python312\Lib\encodings\cp1252.py", line 19, in encode
    return codecs.charmap_encode(input,self.errors,encoding_table)[0]
           ^^^^^^^^^^^^^^^^^^^^^^^^^^^^^^^^^^^^^^^^^^^^^^^^^^^^^^^
UnicodeEncodeError: 'charmap' codec can't encode characters in position 316-321: character maps to <undefined>

2026-06-10 17:43:37,755 — INFO — Manual pipeline started
2026-06-10 17:43:37,796 — INFO — Starting: \U0001f504 Step 1 — Fetching fresh YouTube data...
2026-06-10 17:43:47,834 — INFO — Completed: \U0001f504 Step 1 — Fetching fresh YouTube data...
2026-06-10 17:43:47,834 — INFO — Starting: \U0001f9f9 Step 2 — Cleaning data...
2026-06-10 17:43:51,434 — INFO — Completed: \U0001f9f9 Step 2 — Cleaning data...
2026-06-10 17:43:51,442 — INFO — Starting: \U0001f4ca Step 3 — Exporting to dashboard...
2026-06-10 17:43:54,367 — INFO — Completed: \U0001f4ca Step 3 — Exporting to dashboard...
2026-06-10 17:43:54,383 — INFO — Pipeline completed in 16s
